# JRE version: OpenJDK Runtime Environment (8.0_242-b01) (build 1.8.0_242-release-1644-b01)
# Java VM: OpenJDK 64-Bit Server VM (25.242-b01 mixed mode windows-amd64 compressed oops)
Heap:
 PSYoungGen      total 462336K, used 71979K [0x00000000d5580000, 0x00000000f7d80000, 0x0000000100000000)
  eden space 427008K, 15% used [0x00000000d5580000,0x00000000d947cbe0,0x00000000ef680000)
  from space 35328K, 21% used [0x00000000ef680000,0x00000000efdce120,0x00000000f1900000)
  to   space 34816K, 0% used [0x00000000f5b80000,0x00000000f5b80000,0x00000000f7d80000)
 ParOldGen       total 129536K, used 73139K [0x0000000080000000, 0x0000000087e80000, 0x00000000d5580000)
  object space 129536K, 56% used [0x0000000080000000,0x000000008476ccb0,0x0000000087e80000)
 Metaspace       used 98860K, capacity 103992K, committed 104216K, reserved 1140736K
  class space    used 12930K, capacity 13861K, committed 13872K, reserved 1048576K
GC Heap History (10 events):
Event: 61.254 GC heap before
{Heap before GC invocations=27 (full 3):
 PSYoungGen      total 462336K, used 436022K [0x00000000d5580000, 0x00000000f4300000, 0x0000000100000000)
  eden space 421888K, 100% used [0x00000000d5580000,0x00000000ef180000,0x00000000ef180000)
  from space 40448K, 34% used [0x00000000ef180000,0x00000000eff4d800,0x00000000f1900000)
  to   space 42496K, 0% used [0x00000000f1900000,0x00000000f1900000,0x00000000f4280000)
 ParOldGen       total 129536K, used 106683K [0x0000000080000000, 0x0000000087e80000, 0x00000000d5580000)
  object space 129536K, 82% used [0x0000000080000000,0x000000008682ec18,0x0000000087e80000)
 Metaspace       used 88180K, capacity 92356K, committed 92568K, reserved 1128448K
  class space    used 11860K, capacity 12641K, committed 12720K, reserved 1048576K
Event: 61.287 GC heap after
Heap after GC invocations=27 (full 3):
 PSYoungGen      total 464384K, used 13168K [0x00000000d5580000, 0x00000000f4300000, 0x0000000100000000)
  eden space 421888K, 0% used [0x00000000d5580000,0x00000000d5580000,0x00000000ef180000)
  from space 42496K, 30% used [0x00000000f1900000,0x00000000f25dc280,0x00000000f4280000)
  to   space 40448K, 0% used [0x00000000ef180000,0x00000000ef180000,0x00000000f1900000)
 ParOldGen       total 129536K, used 107607K [0x0000000080000000, 0x0000000087e80000, 0x00000000d5580000)
  object space 129536K, 83% used [0x0000000080000000,0x0000000086915c70,0x0000000087e80000)
 Metaspace       used 88180K, capacity 92356K, committed 92568K, reserved 1128448K
  class space    used 11860K, capacity 12641K, committed 12720K, reserved 1048576K
}
Event: 63.620 GC heap before
{Heap before GC invocations=28 (full 3):
 PSYoungGen      total 464384K, used 435056K [0x00000000d5580000, 0x00000000f4300000, 0x0000000100000000)
  eden space 421888K, 100% used [0x00000000d5580000,0x00000000ef180000,0x00000000ef180000)
  from space 42496K, 30% used [0x00000000f1900000,0x00000000f25dc280,0x00000000f4280000)
  to   space 40448K, 0% used [0x00000000ef180000,0x00000000ef180000,0x00000000f1900000)
 ParOldGen       total 129536K, used 107607K [0x0000000080000000, 0x0000000087e80000, 0x00000000d5580000)
  object space 129536K, 83% used [0x0000000080000000,0x0000000086915c70,0x0000000087e80000)
 Metaspace       used 89115K, capacity 93386K, committed 93720K, reserved 1130496K
  class space    used 11967K, capacity 12756K, committed 12848K, reserved 1048576K
Event: 63.656 GC heap after
Heap after GC invocations=28 (full 3):
 PSYoungGen      total 462336K, used 5399K [0x00000000d5580000, 0x00000000f4300000, 0x0000000100000000)
  eden space 421888K, 0% used [0x00000000d5580000,0x00000000d5580000,0x00000000ef180000)
  from space 40448K, 13% used [0x00000000ef180000,0x00000000ef6c5f98,0x00000000f1900000)
  to   space 42496K, 0% used [0x00000000f1900000,0x00000000f1900000,0x00000000f4280000)
 ParOldGen       total 129536K, used 117158K [0x0000000080000000, 0x0000000087e80000, 0x00000000d5580000)
  object space 129536K, 90% used [0x0000000080000000,0x0000000087269910,0x0000000087e80000)
 Metaspace       used 89115K, capacity 93386K, committed 93720K, reserved 1130496K
  class space    used 11967K, capacity 12756K, committed 12848K, reserved 1048576K
}
Event: 63.657 GC heap before
{Heap before GC invocations=29 (full 4):
 PSYoungGen      total 462336K, used 5399K [0x00000000d5580000, 0x00000000f4300000, 0x0000000100000000)
  eden space 421888K, 0% used [0x00000000d5580000,0x00000000d5580000,0x00000000ef180000)
  from space 40448K, 13% used [0x00000000ef180000,0x00000000ef6c5f98,0x00000000f1900000)
  to   space 42496K, 0% used [0x00000000f1900000,0x00000000f1900000,0x00000000f4280000)
 ParOldGen       total 129536K, used 117158K [0x0000000080000000, 0x0000000087e80000, 0x00000000d5580000)
  object space 129536K, 90% used [0x0000000080000000,0x0000000087269910,0x0000000087e80000)
 Metaspace       used 89115K, capacity 93386K, committed 93720K, reserved 1130496K
  class space    used 11967K, capacity 12756K, committed 12848K, reserved 1048576K
Event: 64.026 GC heap after
Heap after GC invocations=29 (full 4):
 PSYoungGen      total 462336K, used 0K [0x00000000d5580000, 0x00000000f4300000, 0x0000000100000000)
  eden space 421888K, 0% used [0x00000000d5580000,0x00000000d5580000,0x00000000ef180000)
  from space 40448K, 0% used [0x00000000ef180000,0x00000000ef180000,0x00000000f1900000)
  to   space 42496K, 0% used [0x00000000f1900000,0x00000000f1900000,0x00000000f4280000)
 ParOldGen       total 129536K, used 68469K [0x0000000080000000, 0x0000000087e80000, 0x00000000d5580000)
  object space 129536K, 52% used [0x0000000080000000,0x00000000842dd4a8,0x0000000087e80000)
 Metaspace       used 88893K, capacity 92756K, committed 93720K, reserved 1130496K
  class space    used 11892K, capacity 12625K, committed 12848K, reserved 1048576K
}
Event: 73.728 GC heap before
{Heap before GC invocations=30 (full 4):
 PSYoungGen      total 462336K, used 421888K [0x00000000d5580000, 0x00000000f4300000, 0x0000000100000000)
  eden space 421888K, 100% used [0x00000000d5580000,0x00000000ef180000,0x00000000ef180000)
  from space 40448K, 0% used [0x00000000ef180000,0x00000000ef180000,0x00000000f1900000)
  to   space 42496K, 0% used [0x00000000f1900000,0x00000000f1900000,0x00000000f4280000)
 ParOldGen       total 129536K, used 68469K [0x0000000080000000, 0x0000000087e80000, 0x00000000d5580000)
  object space 129536K, 52% used [0x0000000080000000,0x00000000842dd4a8,0x0000000087e80000)
 Metaspace       used 96485K, capacity 100950K, committed 101272K, reserved 1136640K
  class space    used 12814K, capacity 13664K, committed 13744K, reserved 1048576K
Event: 73.745 GC heap after
Heap after GC invocations=30 (full 4):
 PSYoungGen      total 469504K, used 14112K [0x00000000d5580000, 0x00000000f8180000, 0x0000000100000000)
  eden space 427008K, 0% used [0x00000000d5580000,0x00000000d5580000,0x00000000ef680000)
  from space 42496K, 33% used [0x00000000f1900000,0x00000000f26c8130,0x00000000f4280000)
  to   space 35328K, 0% used [0x00000000ef680000,0x00000000ef680000,0x00000000f1900000)
 ParOldGen       total 129536K, used 68477K [0x0000000080000000, 0x0000000087e80000, 0x00000000d5580000)
  object space 129536K, 52% used [0x0000000080000000,0x00000000842df4a8,0x0000000087e80000)
 Metaspace       used 96485K, capacity 100950K, committed 101272K, reserved 1136640K
  class space    used 12814K, capacity 13664K, committed 13744K, reserved 1048576K
}
Event: 247.664 GC heap before
{Heap before GC invocations=31 (full 4):
 PSYoungGen      total 469504K, used 441120K [0x00000000d5580000, 0x00000000f8180000, 0x0000000100000000)
  eden space 427008K, 100% used [0x00000000d5580000,0x00000000ef680000,0x00000000ef680000)
  from space 42496K, 33% used [0x00000000f1900000,0x00000000f26c8130,0x00000000f4280000)
  to   space 35328K, 0% used [0x00000000ef680000,0x00000000ef680000,0x00000000f1900000)
 ParOldGen       total 129536K, used 68477K [0x0000000080000000, 0x0000000087e80000, 0x00000000d5580000)
  object space 129536K, 52% used [0x0000000080000000,0x00000000842df4a8,0x0000000087e80000)
 Metaspace       used 98763K, capacity 103850K, committed 103960K, reserved 1138688K
  class space    used 12924K, capacity 13860K, committed 13872K, reserved 1048576K
Event: 247.683 GC heap after
Heap after GC invocations=31 (full 4):
 PSYoungGen      total 462336K, used 7480K [0x00000000d5580000, 0x00000000f7d80000, 0x0000000100000000)
  eden space 427008K, 0% used [0x00000000d5580000,0x00000000d5580000,0x00000000ef680000)
  from space 35328K, 21% used [0x00000000ef680000,0x00000000efdce120,0x00000000f1900000)
  to   space 34816K, 0% used [0x00000000f5b80000,0x00000000f5b80000,0x00000000f7d80000)
 ParOldGen       total 129536K, used 73139K [0x0000000080000000, 0x0000000087e80000, 0x00000000d5580000)
  object space 129536K, 56% used [0x0000000080000000,0x000000008476ccb0,0x0000000087e80000)
 Metaspace       used 98763K, capacity 103850K, committed 103960K, reserved 1138688K
  class space    used 12924K, capacity 13860K, committed 13872K, reserved 1048576K
}

