# JRE version: OpenJDK Runtime Environment (8.0_242-b01) (build 1.8.0_242-release-1644-b01)
# Java VM: OpenJDK 64-Bit Server VM (25.242-b01 mixed mode windows-amd64 compressed oops)
Heap:
 PSYoungGen      total 450560K, used 63989K [0x00000000d5580000, 0x00000000f8280000, 0x0000000100000000)
  eden space 389120K, 8% used [0x00000000d5580000,0x00000000d753e828,0x00000000ed180000)
  from space 61440K, 51% used [0x00000000ed180000,0x00000000ef03ee70,0x00000000f0d80000)
  to   space 58368K, 0% used [0x00000000f4980000,0x00000000f4980000,0x00000000f8280000)
 ParOldGen       total 194048K, used 50978K [0x0000000080000000, 0x000000008bd80000, 0x00000000d5580000)
  object space 194048K, 26% used [0x0000000080000000,0x00000000831c8928,0x000000008bd80000)
 Metaspace       used 128336K, capacity 135261K, committed 135592K, reserved 1167360K
  class space    used 16940K, capacity 18239K, committed 18360K, reserved 1048576K
GC Heap History (10 events):
Event: 5226.649 GC heap before
{Heap before GC invocations=31 (full 4):
 PSYoungGen      total 364032K, used 349645K [0x00000000d5580000, 0x00000000efb80000, 0x0000000100000000)
  eden space 307200K, 100% used [0x00000000d5580000,0x00000000e8180000,0x00000000e8180000)
  from space 56832K, 74% used [0x00000000ebc00000,0x00000000ee573580,0x00000000ef380000)
  to   space 59904K, 0% used [0x00000000e8180000,0x00000000e8180000,0x00000000ebc00000)
 ParOldGen       total 194048K, used 50938K [0x0000000080000000, 0x000000008bd80000, 0x00000000d5580000)
  object space 194048K, 26% used [0x0000000080000000,0x00000000831be928,0x000000008bd80000)
 Metaspace       used 121841K, capacity 128365K, committed 128680K, reserved 1161216K
  class space    used 16092K, capacity 17286K, committed 17336K, reserved 1048576K
Event: 5226.692 GC heap after
Heap after GC invocations=31 (full 4):
 PSYoungGen      total 367104K, used 29959K [0x00000000d5580000, 0x00000000f1800000, 0x0000000100000000)
  eden space 307200K, 0% used [0x00000000d5580000,0x00000000d5580000,0x00000000e8180000)
  from space 59904K, 50% used [0x00000000e8180000,0x00000000e9ec1e30,0x00000000ebc00000)
  to   space 57344K, 0% used [0x00000000ee000000,0x00000000ee000000,0x00000000f1800000)
 ParOldGen       total 194048K, used 50946K [0x0000000080000000, 0x000000008bd80000, 0x00000000d5580000)
  object space 194048K, 26% used [0x0000000080000000,0x00000000831c0928,0x000000008bd80000)
 Metaspace       used 121841K, capacity 128365K, committed 128680K, reserved 1161216K
  class space    used 16092K, capacity 17286K, committed 17336K, reserved 1048576K
}
Event: 5240.488 GC heap before
{Heap before GC invocations=32 (full 4):
 PSYoungGen      total 367104K, used 337159K [0x00000000d5580000, 0x00000000f1800000, 0x0000000100000000)
  eden space 307200K, 100% used [0x00000000d5580000,0x00000000e8180000,0x00000000e8180000)
  from space 59904K, 50% used [0x00000000e8180000,0x00000000e9ec1e30,0x00000000ebc00000)
  to   space 57344K, 0% used [0x00000000ee000000,0x00000000ee000000,0x00000000f1800000)
 ParOldGen       total 194048K, used 50946K [0x0000000080000000, 0x000000008bd80000, 0x00000000d5580000)
  object space 194048K, 26% used [0x0000000080000000,0x00000000831c0928,0x000000008bd80000)
 Metaspace       used 127509K, capacity 134275K, committed 134312K, reserved 1165312K
  class space    used 16829K, capacity 18092K, committed 18104K, reserved 1048576K
Event: 5240.556 GC heap after
Heap after GC invocations=32 (full 4):
 PSYoungGen      total 395776K, used 35953K [0x00000000d5580000, 0x00000000f1400000, 0x0000000100000000)
  eden space 342528K, 0% used [0x00000000d5580000,0x00000000d5580000,0x00000000ea400000)
  from space 53248K, 67% used [0x00000000ee000000,0x00000000f031c6b8,0x00000000f1400000)
  to   space 57344K, 0% used [0x00000000ea400000,0x00000000ea400000,0x00000000edc00000)
 ParOldGen       total 194048K, used 50954K [0x0000000080000000, 0x000000008bd80000, 0x00000000d5580000)
  object space 194048K, 26% used [0x0000000080000000,0x00000000831c2928,0x000000008bd80000)
 Metaspace       used 127509K, capacity 134275K, committed 134312K, reserved 1165312K
  class space    used 16829K, capacity 18092K, committed 18104K, reserved 1048576K
}
Event: 5242.650 GC heap before
{Heap before GC invocations=33 (full 4):
 PSYoungGen      total 395776K, used 378481K [0x00000000d5580000, 0x00000000f1400000, 0x0000000100000000)
  eden space 342528K, 100% used [0x00000000d5580000,0x00000000ea400000,0x00000000ea400000)
  from space 53248K, 67% used [0x00000000ee000000,0x00000000f031c6b8,0x00000000f1400000)
  to   space 57344K, 0% used [0x00000000ea400000,0x00000000ea400000,0x00000000edc00000)
 ParOldGen       total 194048K, used 50954K [0x0000000080000000, 0x000000008bd80000, 0x00000000d5580000)
  object space 194048K, 26% used [0x0000000080000000,0x00000000831c2928,0x000000008bd80000)
 Metaspace       used 127961K, capacity 134857K, committed 134952K, reserved 1165312K
  class space    used 16883K, capacity 18169K, committed 18232K, reserved 1048576K
Event: 5242.715 GC heap after
Heap after GC invocations=33 (full 4):
 PSYoungGen      total 399872K, used 44238K [0x00000000d5580000, 0x00000000f4800000, 0x0000000100000000)
  eden space 342528K, 0% used [0x00000000d5580000,0x00000000d5580000,0x00000000ea400000)
  from space 57344K, 77% used [0x00000000ea400000,0x00000000ecf33a38,0x00000000edc00000)
  to   space 59904K, 0% used [0x00000000f0d80000,0x00000000f0d80000,0x00000000f4800000)
 ParOldGen       total 194048K, used 50962K [0x0000000080000000, 0x000000008bd80000, 0x00000000d5580000)
  object space 194048K, 26% used [0x0000000080000000,0x00000000831c4928,0x000000008bd80000)
 Metaspace       used 127961K, capacity 134857K, committed 134952K, reserved 1165312K
  class space    used 16883K, capacity 18169K, committed 18232K, reserved 1048576K
}
Event: 5245.082 GC heap before
{Heap before GC invocations=34 (full 4):
 PSYoungGen      total 399872K, used 386766K [0x00000000d5580000, 0x00000000f4800000, 0x0000000100000000)
  eden space 342528K, 100% used [0x00000000d5580000,0x00000000ea400000,0x00000000ea400000)
  from space 57344K, 77% used [0x00000000ea400000,0x00000000ecf33a38,0x00000000edc00000)
  to   space 59904K, 0% used [0x00000000f0d80000,0x00000000f0d80000,0x00000000f4800000)
 ParOldGen       total 194048K, used 50962K [0x0000000080000000, 0x000000008bd80000, 0x00000000d5580000)
  object space 194048K, 26% used [0x0000000080000000,0x00000000831c4928,0x000000008bd80000)
 Metaspace       used 128081K, capacity 135013K, committed 135208K, reserved 1167360K
  class space    used 16902K, capacity 18189K, committed 18232K, reserved 1048576K
Event: 5245.195 GC heap after
Heap after GC invocations=34 (full 4):
 PSYoungGen      total 449024K, used 42332K [0x00000000d5580000, 0x00000000f5500000, 0x0000000100000000)
  eden space 389120K, 0% used [0x00000000d5580000,0x00000000d5580000,0x00000000ed180000)
  from space 59904K, 70% used [0x00000000f0d80000,0x00000000f36d70b0,0x00000000f4800000)
  to   space 61440K, 0% used [0x00000000ed180000,0x00000000ed180000,0x00000000f0d80000)
 ParOldGen       total 194048K, used 50970K [0x0000000080000000, 0x000000008bd80000, 0x00000000d5580000)
  object space 194048K, 26% used [0x0000000080000000,0x00000000831c6928,0x000000008bd80000)
 Metaspace       used 128081K, capacity 135013K, committed 135208K, reserved 1167360K
  class space    used 16902K, capacity 18189K, committed 18232K, reserved 1048576K
}
Event: 5250.158 GC heap before
{Heap before GC invocations=35 (full 4):
 PSYoungGen      total 449024K, used 431452K [0x00000000d5580000, 0x00000000f5500000, 0x0000000100000000)
  eden space 389120K, 100% used [0x00000000d5580000,0x00000000ed180000,0x00000000ed180000)
  from space 59904K, 70% used [0x00000000f0d80000,0x00000000f36d70b0,0x00000000f4800000)
  to   space 61440K, 0% used [0x00000000ed180000,0x00000000ed180000,0x00000000f0d80000)
 ParOldGen       total 194048K, used 50970K [0x0000000080000000, 0x000000008bd80000, 0x00000000d5580000)
  object space 194048K, 26% used [0x0000000080000000,0x00000000831c6928,0x000000008bd80000)
 Metaspace       used 128295K, capacity 135249K, committed 135592K, reserved 1167360K
  class space    used 16935K, capacity 18239K, committed 18360K, reserved 1048576K
Event: 5250.254 GC heap after
Heap after GC invocations=35 (full 4):
 PSYoungGen      total 450560K, used 31483K [0x00000000d5580000, 0x00000000f8280000, 0x0000000100000000)
  eden space 389120K, 0% used [0x00000000d5580000,0x00000000d5580000,0x00000000ed180000)
  from space 61440K, 51% used [0x00000000ed180000,0x00000000ef03ee70,0x00000000f0d80000)
  to   space 58368K, 0% used [0x00000000f4980000,0x00000000f4980000,0x00000000f8280000)
 ParOldGen       total 194048K, used 50978K [0x0000000080000000, 0x000000008bd80000, 0x00000000d5580000)
  object space 194048K, 26% used [0x0000000080000000,0x00000000831c8928,0x000000008bd80000)
 Metaspace       used 128295K, capacity 135249K, committed 135592K, reserved 1167360K
  class space    used 16935K, capacity 18239K, committed 18360K, reserved 1048576K
}

